<?xml version="1.0" encoding="UTF-8"?>
<!-- Generated by org.testng.reporters.JUnitXMLReporter -->
<testsuite hostname="Apurwa-PC" name="CheckSubCategoryPreschool Test" tests="1" failures="0" timestamp="14 Mar 2016 10:02:38 GMT" time="0.002" errors="0">
  <testcase name="@BeforeTest checkTestSkip" time="0.0" classname="com.fastudent.preschool.CheckSubCategoryPreschool">
    <skipped/>
  </testcase> <!-- @BeforeTest checkTestSkip -->
  <testcase name="@AfterMethod reportDataSetResult" time="0.0" classname="com.fastudent.preschool.CheckSubCategoryPreschool">
    <skipped/>
  </testcase> <!-- @AfterMethod reportDataSetResult -->
  <testcase name="@AfterTest reportTestResult" time="0.0" classname="com.fastudent.preschool.CheckSubCategoryPreschool">
    <skipped/>
  </testcase> <!-- @AfterTest reportTestResult -->
  <testcase name="testcaseA3" time="0.0" classname="com.fastudent.preschool.CheckSubCategoryPreschool">
    <skipped/>
  </testcase> <!-- testcaseA3 -->
</testsuite> <!-- CheckSubCategoryPreschool Test -->
