<?xml version="1.0" encoding="UTF-8"?>
<!-- Generated by org.testng.reporters.JUnitXMLReporter -->
<testsuite hostname="Apurwa-PC" name="Test B2" tests="1" failures="0" timestamp="14 Mar 2016 10:01:45 GMT" time="0.002" errors="0">
  <testcase name="@BeforeTest checkTestSkip" time="0.0" classname="com.fastudent.college.CheckSubCategoryColloge">
    <skipped/>
  </testcase> <!-- @BeforeTest checkTestSkip -->
  <testcase name="@AfterMethod reportDataSetResult" time="0.0" classname="com.fastudent.college.CheckSubCategoryColloge">
    <skipped/>
  </testcase> <!-- @AfterMethod reportDataSetResult -->
  <testcase name="@AfterTest reportTestResult" time="0.0" classname="com.fastudent.college.CheckSubCategoryColloge">
    <skipped/>
  </testcase> <!-- @AfterTest reportTestResult -->
  <testcase name="testcaseColloge" time="0.0" classname="com.fastudent.college.CheckSubCategoryColloge">
    <skipped/>
  </testcase> <!-- testcaseColloge -->
</testsuite> <!-- Test B2 -->
