<?xml version="1.0" encoding="UTF-8"?>
<!-- Generated by org.testng.reporters.JUnitXMLReporter -->
<testsuite hostname="Apurwa-PC" name="CheckCategoryshopby Test" tests="1" failures="1" timestamp="8 Mar 2016 04:59:22 GMT" time="47.111" errors="0">
  <testcase name="testcaseA2" time="46.88" classname="com.fastudent.shopby.CheckCategory">
    <failure type="org.openqa.selenium.WebDriverException" message="Unable to bind to locking port 7054 within 45000 ms
Build info: version: &amp;apos;2.11.0&amp;apos;, revision: &amp;apos;14431&amp;apos;, time: &amp;apos;2011-10-28 16:28:32&amp;apos;
System info: os.name: &amp;apos;Windows 7&amp;apos;, os.arch: &amp;apos;amd64&amp;apos;, os.version: &amp;apos;6.1&amp;apos;, java.version: &amp;apos;1.8.0_74&amp;apos;
Driver info: driver.version: FirefoxDriver">
      <![CDATA[org.openqa.selenium.WebDriverException: Unable to bind to locking port 7054 within 45000 ms
Build info: version: '2.11.0', revision: '14431', time: '2011-10-28 16:28:32'
System info: os.name: 'Windows 7', os.arch: 'amd64', os.version: '6.1', java.version: '1.8.0_74'
Driver info: driver.version: FirefoxDriver
	at org.openqa.selenium.internal.SocketLock.lock(SocketLock.java:95)
	at org.openqa.selenium.firefox.internal.NewProfileExtensionConnection.start(NewProfileExtensionConnection.java:69)
	at org.openqa.selenium.firefox.FirefoxDriver.startClient(FirefoxDriver.java:149)
	at org.openqa.selenium.remote.RemoteWebDriver.<init>(RemoteWebDriver.java:75)
	at org.openqa.selenium.firefox.FirefoxDriver.<init>(FirefoxDriver.java:128)
	at org.openqa.selenium.firefox.FirefoxDriver.<init>(FirefoxDriver.java:79)
	at com.fastudent.base.TestBase.openBrowser(TestBase.java:86)
	at com.fastudent.shopby.CheckCategory.testcaseA2(CheckCategory.java:51)
... Removed 25 stack frames]]>
    </failure>
  </testcase> <!-- testcaseA2 -->
</testsuite> <!-- CheckCategoryshopby Test -->
