<?xml version="1.0" encoding="UTF-8"?>
<!-- Generated by org.testng.reporters.JUnitXMLReporter -->
<testsuite hostname="Apurwa-PC" name="CheckSubCategoryCompetition Test" tests="1" failures="0" timestamp="14 Mar 2016 10:02:09 GMT" time="0.001" errors="0">
  <testcase name="@BeforeTest checkTestSkip" time="0.0" classname="com.fastudent.competition.CheckSubCategoryCompetition">
    <skipped/>
  </testcase> <!-- @BeforeTest checkTestSkip -->
  <testcase name="@AfterMethod reportDataSetResult" time="0.0" classname="com.fastudent.competition.CheckSubCategoryCompetition">
    <skipped/>
  </testcase> <!-- @AfterMethod reportDataSetResult -->
  <testcase name="@AfterTest reportTestResult" time="0.0" classname="com.fastudent.competition.CheckSubCategoryCompetition">
    <skipped/>
  </testcase> <!-- @AfterTest reportTestResult -->
  <testcase name="testcaseCompition" time="0.0" classname="com.fastudent.competition.CheckSubCategoryCompetition">
    <skipped/>
  </testcase> <!-- testcaseCompition -->
</testsuite> <!-- CheckSubCategoryCompetition Test -->
