<?xml version="1.0" encoding="UTF-8"?>
<!-- Generated by org.testng.reporters.JUnitXMLReporter -->
<testsuite hostname="Apurwa-PC" name="CheckSubCategoryshopby Test" tests="1" failures="0" timestamp="14 Mar 2016 10:03:11 GMT" time="0.001" errors="0">
  <testcase name="@BeforeTest checkTestSkip" time="0.0" classname="com.fastudent.shopby.CheckSubCategory">
    <skipped/>
  </testcase> <!-- @BeforeTest checkTestSkip -->
  <testcase name="@AfterMethod reportDataSetResult" time="0.0" classname="com.fastudent.shopby.CheckSubCategory">
    <skipped/>
  </testcase> <!-- @AfterMethod reportDataSetResult -->
  <testcase name="@AfterTest reportTestResult" time="0.0" classname="com.fastudent.shopby.CheckSubCategory">
    <skipped/>
  </testcase> <!-- @AfterTest reportTestResult -->
  <testcase name="testcaseA3" time="0.0" classname="com.fastudent.shopby.CheckSubCategory">
    <skipped/>
  </testcase> <!-- testcaseA3 -->
</testsuite> <!-- CheckSubCategoryshopby Test -->
